<html>
<body>
<pre>
<h1>ตVision Build Log</h1>
<h2>Project:</h2>
C:\Users\มบึฅศ๐\Desktop\ฦๆฦๆนึนึตฤฟชทขฮฤผ\ธ฿ฝเตฤทจปส\แุก7.uvproj
Project File Date:  07/24/2021

<h2>Output:</h2>
Build target 'Target 1'
compiling แุก7.c...
แุก7.C(26): error C141: syntax error near 'unsigned', expected ';'
แุก7.C(27): error C129: missing ';' before 'unsigned'
Target not created
Build target 'Target 1'
compiling แุก7.c...
แุก7.C(26): error C141: syntax error near 'unsigned', expected ';'
แุก7.C(45): error C202: 'm6h2': undefined identifier
แุก7.C(51): error C202: 'h12': undefined identifier
แุก7.C(52): error C202: 'm8': undefined identifier
แุก7.C(52): error C202: 'm8': undefined identifier
แุก7.C(65): error C202: 'm8': undefined identifier
แุก7.C(65): error C202: 'm8': undefined identifier
แุก7.C(66): error C141: syntax error near ','
แุก7.C(68): error C141: syntax error near '{'
แุก7.C(69): error C231: 'EA': redefinition
แุก7.C(69): error C231: 'EA': redefinition
แุก7.C(71): error C231: 'TMOD': redefinition
แุก7.C(71): error C231: 'TMOD': redefinition
แุก7.C(72): error C141: syntax error near 'while'
แุก7.C(72): error C141: syntax error near '1'
แุก7.C(74): error C231: 'a': redefinition
แุก7.C(75): error C141: syntax error near 'while'
แุก7.C(75): error C141: syntax error near '!=', expected ')'
แุก7.C(77): error C231: 'C': redefinition
แุก7.C(77): error C247: non-address/-constant initializer
แุก7.C(78): error C231: 'TH0': redefinition
แุก7.C(78): error C247: non-address/-constant initializer
แุก7.C(78): error C231: 'TH0': redefinition
แุก7.C(79): error C231: 'TL0': redefinition
แุก7.C(79): error C247: non-address/-constant initializer
แุก7.C(79): error C231: 'TL0': redefinition
แุก7.C(80): error C231: 'TR0': redefinition
แุก7.C(80): error C231: 'TR0': redefinition
แุก7.C(81): error C141: syntax error near 'for'
แุก7.C(81): error C141: syntax error near '=', expected ')'
แุก7.C(81): error C129: missing ';' before '<'
Target not created
Build target 'Target 1'
compiling แุก7.c...
แุก7.C(26): error C141: syntax error near 'unsigned', expected ';'
แุก7.C(45): error C202: 'm6h2': undefined identifier
แุก7.C(51): error C202: 'h12': undefined identifier
แุก7.C(52): error C202: 'm8': undefined identifier
แุก7.C(52): error C202: 'm8': undefined identifier
แุก7.C(65): error C202: 'm8': undefined identifier
แุก7.C(65): error C202: 'm8': undefined identifier
แุก7.C(66): error C141: syntax error near ','
แุก7.C(68): error C141: syntax error near '{'
แุก7.C(69): error C231: 'EA': redefinition
แุก7.C(69): error C231: 'EA': redefinition
แุก7.C(71): error C231: 'TMOD': redefinition
แุก7.C(71): error C231: 'TMOD': redefinition
แุก7.C(72): error C141: syntax error near 'while'
แุก7.C(72): error C141: syntax error near '1'
แุก7.C(74): error C231: 'a': redefinition
แุก7.C(75): error C141: syntax error near 'while'
แุก7.C(75): error C141: syntax error near '!=', expected ')'
แุก7.C(77): error C231: 'C': redefinition
แุก7.C(77): error C247: non-address/-constant initializer
แุก7.C(78): error C231: 'TH0': redefinition
แุก7.C(78): error C247: non-address/-constant initializer
แุก7.C(78): error C231: 'TH0': redefinition
แุก7.C(79): error C231: 'TL0': redefinition
แุก7.C(79): error C247: non-address/-constant initializer
แุก7.C(79): error C231: 'TL0': redefinition
แุก7.C(80): error C231: 'TR0': redefinition
แุก7.C(80): error C231: 'TR0': redefinition
แุก7.C(81): error C141: syntax error near 'for'
แุก7.C(81): error C141: syntax error near '=', expected ')'
แุก7.C(81): error C129: missing ';' before '<'
Target not created
Build target 'Target 1'
compiling แุก7.c...
แุก7.C(45): error C202: 'm6h2': undefined identifier
แุก7.C(51): error C202: 'h12': undefined identifier
แุก7.C(52): error C202: 'm8': undefined identifier
แุก7.C(52): error C202: 'm8': undefined identifier
แุก7.C(65): error C202: 'm8': undefined identifier
แุก7.C(65): error C202: 'm8': undefined identifier
แุก7.C(66): error C141: syntax error near ','
แุก7.C(68): error C141: syntax error near '{'
แุก7.C(69): error C231: 'EA': redefinition
แุก7.C(69): error C231: 'EA': redefinition
แุก7.C(71): error C231: 'TMOD': redefinition
แุก7.C(71): error C231: 'TMOD': redefinition
แุก7.C(72): error C141: syntax error near 'while'
แุก7.C(72): error C141: syntax error near '1'
แุก7.C(74): error C231: 'a': redefinition
แุก7.C(75): error C141: syntax error near 'while'
แุก7.C(75): error C141: syntax error near '!=', expected ')'
แุก7.C(77): error C231: 'C': redefinition
แุก7.C(77): error C247: non-address/-constant initializer
แุก7.C(78): error C231: 'TH0': redefinition
แุก7.C(78): error C247: non-address/-constant initializer
แุก7.C(78): error C231: 'TH0': redefinition
แุก7.C(79): error C231: 'TL0': redefinition
แุก7.C(79): error C247: non-address/-constant initializer
แุก7.C(79): error C231: 'TL0': redefinition
แุก7.C(80): error C231: 'TR0': redefinition
แุก7.C(80): error C231: 'TR0': redefinition
แุก7.C(81): error C141: syntax error near 'for'
แุก7.C(81): error C141: syntax error near '=', expected ')'
แุก7.C(81): error C129: missing ';' before '<'
Target not created
Build target 'Target 1'
compiling แุก7.c...
แุก7.C(51): error C202: 'h12': undefined identifier
แุก7.C(52): error C202: 'm8': undefined identifier
แุก7.C(52): error C202: 'm8': undefined identifier
แุก7.C(65): error C202: 'm8': undefined identifier
แุก7.C(65): error C202: 'm8': undefined identifier
แุก7.C(66): error C141: syntax error near ','
แุก7.C(68): error C141: syntax error near '{'
แุก7.C(69): error C231: 'EA': redefinition
แุก7.C(69): error C231: 'EA': redefinition
แุก7.C(71): error C231: 'TMOD': redefinition
แุก7.C(71): error C231: 'TMOD': redefinition
แุก7.C(72): error C141: syntax error near 'while'
แุก7.C(72): error C141: syntax error near '1'
แุก7.C(74): error C231: 'a': redefinition
แุก7.C(75): error C141: syntax error near 'while'
แุก7.C(75): error C141: syntax error near '!=', expected ')'
แุก7.C(77): error C231: 'C': redefinition
แุก7.C(77): error C247: non-address/-constant initializer
แุก7.C(78): error C231: 'TH0': redefinition
แุก7.C(78): error C247: non-address/-constant initializer
แุก7.C(78): error C231: 'TH0': redefinition
แุก7.C(79): error C231: 'TL0': redefinition
แุก7.C(79): error C247: non-address/-constant initializer
แุก7.C(79): error C231: 'TL0': redefinition
แุก7.C(80): error C231: 'TR0': redefinition
แุก7.C(80): error C231: 'TR0': redefinition
แุก7.C(81): error C141: syntax error near 'for'
แุก7.C(81): error C141: syntax error near '=', expected ')'
แุก7.C(81): error C129: missing ';' before '<'
Target not created
Build target 'Target 1'
compiling แุก7.c...
แุก7.C(52): error C202: 'm8': undefined identifier
แุก7.C(52): error C202: 'm8': undefined identifier
แุก7.C(65): error C202: 'm8': undefined identifier
แุก7.C(65): error C202: 'm8': undefined identifier
แุก7.C(66): error C141: syntax error near ','
แุก7.C(68): error C141: syntax error near '{'
แุก7.C(69): error C231: 'EA': redefinition
แุก7.C(69): error C231: 'EA': redefinition
แุก7.C(71): error C231: 'TMOD': redefinition
แุก7.C(71): error C231: 'TMOD': redefinition
แุก7.C(72): error C141: syntax error near 'while'
แุก7.C(72): error C141: syntax error near '1'
แุก7.C(74): error C231: 'a': redefinition
แุก7.C(75): error C141: syntax error near 'while'
แุก7.C(75): error C141: syntax error near '!=', expected ')'
แุก7.C(77): error C231: 'C': redefinition
แุก7.C(77): error C247: non-address/-constant initializer
แุก7.C(78): error C231: 'TH0': redefinition
แุก7.C(78): error C247: non-address/-constant initializer
แุก7.C(78): error C231: 'TH0': redefinition
แุก7.C(79): error C231: 'TL0': redefinition
แุก7.C(79): error C247: non-address/-constant initializer
แุก7.C(79): error C231: 'TL0': redefinition
แุก7.C(80): error C231: 'TR0': redefinition
แุก7.C(80): error C231: 'TR0': redefinition
แุก7.C(81): error C141: syntax error near 'for'
แุก7.C(81): error C141: syntax error near '=', expected ')'
แุก7.C(81): error C129: missing ';' before '<'
Target not created
Build target 'Target 1'
compiling แุก7.c...
แุก7.C(65): error C202: 'm8': undefined identifier
แุก7.C(65): error C202: 'm8': undefined identifier
แุก7.C(66): error C141: syntax error near ','
แุก7.C(68): error C141: syntax error near '{'
แุก7.C(69): error C231: 'EA': redefinition
แุก7.C(69): error C231: 'EA': redefinition
แุก7.C(71): error C231: 'TMOD': redefinition
แุก7.C(71): error C231: 'TMOD': redefinition
แุก7.C(72): error C141: syntax error near 'while'
แุก7.C(72): error C141: syntax error near '1'
แุก7.C(74): error C231: 'a': redefinition
แุก7.C(75): error C141: syntax error near 'while'
แุก7.C(75): error C141: syntax error near '!=', expected ')'
แุก7.C(77): error C231: 'C': redefinition
แุก7.C(77): error C247: non-address/-constant initializer
แุก7.C(78): error C231: 'TH0': redefinition
แุก7.C(78): error C247: non-address/-constant initializer
แุก7.C(78): error C231: 'TH0': redefinition
แุก7.C(79): error C231: 'TL0': redefinition
แุก7.C(79): error C247: non-address/-constant initializer
แุก7.C(79): error C231: 'TL0': redefinition
แุก7.C(80): error C231: 'TR0': redefinition
แุก7.C(80): error C231: 'TR0': redefinition
แุก7.C(81): error C141: syntax error near 'for'
แุก7.C(81): error C141: syntax error near '=', expected ')'
แุก7.C(81): error C129: missing ';' before '<'
Target not created
Build target 'Target 1'
compiling แุก7.c...
แุก7.C(66): error C141: syntax error near ','
แุก7.C(68): error C141: syntax error near '{'
แุก7.C(69): error C231: 'EA': redefinition
แุก7.C(69): error C231: 'EA': redefinition
แุก7.C(71): error C231: 'TMOD': redefinition
แุก7.C(71): error C231: 'TMOD': redefinition
แุก7.C(72): error C141: syntax error near 'while'
แุก7.C(72): error C141: syntax error near '1'
แุก7.C(74): error C231: 'a': redefinition
แุก7.C(75): error C141: syntax error near 'while'
แุก7.C(75): error C141: syntax error near '!=', expected ')'
แุก7.C(77): error C231: 'C': redefinition
แุก7.C(77): error C247: non-address/-constant initializer
แุก7.C(78): error C231: 'TH0': redefinition
แุก7.C(78): error C247: non-address/-constant initializer
แุก7.C(78): error C231: 'TH0': redefinition
แุก7.C(79): error C231: 'TL0': redefinition
แุก7.C(79): error C247: non-address/-constant initializer
แุก7.C(79): error C231: 'TL0': redefinition
แุก7.C(80): error C231: 'TR0': redefinition
แุก7.C(80): error C231: 'TR0': redefinition
แุก7.C(81): error C141: syntax error near 'for'
แุก7.C(81): error C141: syntax error near '=', expected ')'
แุก7.C(81): error C129: missing ';' before '<'
Target not created
Build target 'Target 1'
compiling แุก7.c...
แุก7.C(70): error C202: 'ETA': undefined identifier
Target not created
Build target 'Target 1'
compiling แุก7.c...
linking...
Program Size: data=13.0 xdata=0 code=995
"แุก7" - 0 Error(s), 0 Warning(s).
Build target 'Target 1'
compiling แุก7.c...
linking...
Program Size: data=13.0 xdata=0 code=995
creating hex file from "แุก7"...
"แุก7" - 0 Error(s), 0 Warning(s).
