<html>
<body>
<pre>
<h1>ตVision Build Log</h1>
<h2>Project:</h2>
C:\Users\มบึฅศ๐\Desktop\ฦๆฦๆนึนึตฤฟชทขฮฤผ\ฒโฦตยสฃจสตั้ฃฉ\แุก8.uvproj
Project File Date:  07/31/2021

<h2>Output:</h2>
compiling แุก8.c...
แุก8.c(2): warning C315: unknown #directive 'defined'
แุก8.C(6): error C129: missing ';' before 'i'
แุก8.c - 1 Error(s), 1 Warning(s).
Build target 'Target 1'
compiling แุก8.c...
แุก8.C(6): error C129: missing ';' before 'i'
Target not created
compiling แุก8.c...
แุก8.C(6): error C129: missing ';' before 'i'
แุก8.c - 1 Error(s), 0 Warning(s).
compiling แุก8.c...
แุก8.C(19): error C141: syntax error near 'for'
แุก8.C(19): error C231: 'a': redefinition
แุก8.C(19): error C231: 'a': redefinition
แุก8.C(22): error C141: syntax error near '['
แุก8.C(24): error C141: syntax error near '{'
แุก8.C(30): error C141: syntax error near 'void'
แุก8.c - 6 Error(s), 0 Warning(s).
compiling แุก8.c...
แุก8.C(22): error C136: 'table': 'void' on variable
แุก8.C(22): error C141: syntax error near '['
แุก8.C(48): error C186: invalid dereference
แุก8.C(49): error C141: syntax error near '}'
แุก8.c - 4 Error(s), 0 Warning(s).
compiling แุก8.c...
แุก8.C(22): error C160: 'table': void invalid
แุก8.C(22): error C141: syntax error near ';'
แุก8.C(22): error C141: syntax error near '0xfc'
แุก8.C(49): error C141: syntax error near '}'
แุก8.c - 4 Error(s), 0 Warning(s).
compiling แุก8.c...
แุก8.C(22): error C129: missing ';' before 'code'
แุก8.c - 1 Error(s), 0 Warning(s).
compiling แุก8.c...
แุก8.C(22): error C129: missing ';' before 'code'
แุก8.c - 1 Error(s), 0 Warning(s).
compiling แุก8.c...
แุก8.C(22): error C141: syntax error near ';'
แุก8.C(22): error C141: syntax error near '0xfc'
แุก8.C(49): error C141: syntax error near '}'
แุก8.c - 3 Error(s), 0 Warning(s).
compiling แุก8.c...
แุก8.C(22): error C141: syntax error near ';'
แุก8.C(22): error C141: syntax error near '0xfc'
แุก8.c - 2 Error(s), 0 Warning(s).
Build target 'Target 1'
compiling แุก8.c...
linking...
*** WARNING L16: UNCALLED SEGMENT, IGNORED FOR OVERLAY PROCESS
    SEGMENT: ?PR?_DELAY?แ_ุก8
Program Size: data=11.0 xdata=0 code=158
"แุก8" - 0 Error(s), 1 Warning(s).
compiling แุก8.c...
แุก8.c - 0 Error(s), 0 Warning(s).
Build target 'Target 1'
compiling แุก8.c...
linking...
*** WARNING L16: UNCALLED SEGMENT, IGNORED FOR OVERLAY PROCESS
    SEGMENT: ?PR?_DELAY?แ_ุก8
Program Size: data=11.0 xdata=0 code=158
creating hex file from "แุก8"...
"แุก8" - 0 Error(s), 1 Warning(s).
Build target 'Target 1'
compiling แุก8.c...
linking...
*** WARNING L16: UNCALLED SEGMENT, IGNORED FOR OVERLAY PROCESS
    SEGMENT: ?PR?_DELAY?แ_ุก8
Program Size: data=11.0 xdata=0 code=118
creating hex file from "แุก8"...
"แุก8" - 0 Error(s), 1 Warning(s).
Build target 'Target 1'
compiling แุก8.c...
linking...
*** WARNING L16: UNCALLED SEGMENT, IGNORED FOR OVERLAY PROCESS
    SEGMENT: ?PR?_DELAY?แ_ุก8
Program Size: data=11.0 xdata=0 code=118
creating hex file from "แุก8"...
"แุก8" - 0 Error(s), 1 Warning(s).
Build target 'Target 1'
compiling แุก8.c...
linking...
*** WARNING L16: UNCALLED SEGMENT, IGNORED FOR OVERLAY PROCESS
    SEGMENT: ?PR?_DELAY?แ_ุก8
Program Size: data=11.0 xdata=0 code=104
creating hex file from "แุก8"...
"แุก8" - 0 Error(s), 1 Warning(s).
Build target 'Target 1'
compiling แุก8.c...
แุก8.C(47): error C141: syntax error near '='
Target not created
Build target 'Target 1'
compiling แุก8.c...
แุก8.C(47): warning C275: expression with possibly no effect
linking...
*** WARNING L16: UNCALLED SEGMENT, IGNORED FOR OVERLAY PROCESS
    SEGMENT: ?PR?_DELAY?แ_ุก8
*** WARNING L16: UNCALLED SEGMENT, IGNORED FOR OVERLAY PROCESS
    SEGMENT: ?CO?แ_ุก8
Program Size: data=11.0 xdata=0 code=95
creating hex file from "แุก8"...
"แุก8" - 0 Error(s), 3 Warning(s).
Build target 'Target 1'
compiling แุก8.c...
linking...
*** WARNING L16: UNCALLED SEGMENT, IGNORED FOR OVERLAY PROCESS
    SEGMENT: ?PR?_DELAY?แ_ุก8
*** WARNING L16: UNCALLED SEGMENT, IGNORED FOR OVERLAY PROCESS
    SEGMENT: ?CO?แ_ุก8
Program Size: data=11.0 xdata=0 code=99
creating hex file from "แุก8"...
"แุก8" - 0 Error(s), 2 Warning(s).
compiling แุก8.c...
แุก8.c - 0 Error(s), 0 Warning(s).
Build target 'Target 1'
compiling แุก8.c...
linking...
*** WARNING L16: UNCALLED SEGMENT, IGNORED FOR OVERLAY PROCESS
    SEGMENT: ?CO?แ_ุก8
Program Size: data=10.0 xdata=0 code=72
creating hex file from "แุก8"...
"แุก8" - 0 Error(s), 1 Warning(s).
Build target 'Target 1'
compiling แุก8.c...
linking...
*** WARNING L16: UNCALLED SEGMENT, IGNORED FOR OVERLAY PROCESS
    SEGMENT: ?CO?แ_ุก8
Program Size: data=10.0 xdata=0 code=72
creating hex file from "แุก8"...
"แุก8" - 0 Error(s), 1 Warning(s).
compiling แุก8B.c...
แุก8B.c - 0 Error(s), 0 Warning(s).
Build target 'Target 1'
compiling แุก8B.c...
linking...
*** WARNING L16: UNCALLED SEGMENT, IGNORED FOR OVERLAY PROCESS
    SEGMENT: ?CO?แ_ุก8B
Program Size: data=10.0 xdata=0 code=40
creating hex file from "แุก8"...
"แุก8" - 0 Error(s), 1 Warning(s).
Build target 'Target 1'
compiling แุก8B.c...
linking...
*** WARNING L16: UNCALLED SEGMENT, IGNORED FOR OVERLAY PROCESS
    SEGMENT: ?CO?แ_ุก8B
Program Size: data=10.0 xdata=0 code=40
creating hex file from "แุก8b"...
"แุก8b" - 0 Error(s), 1 Warning(s).
Build target 'Target 1'
compiling แุก8B.c...
แุก8B.C(21): error C141: syntax error near '['
Target not created
Build target 'Target 1'
compiling แุก8B.c...
แุก8B.C(21): error C141: syntax error near '['
Target not created
Build target 'Target 1'
compiling แุก8B.c...
linking...
Program Size: data=10.0 xdata=0 code=59
creating hex file from "แุก8b"...
"แุก8b" - 0 Error(s), 0 Warning(s).
