<html>
<body>
<pre>
<h1>Vision Build Log</h1>
<h2>Tool Versions:</h2>
IDE-Version: μVision V5.14.0.0
Copyright (C) 2015 ARM Ltd and ARM Germany GmbH. All rights reserved.
License Information: l 梁芝瑞, w, LIC=----
 
Tool Versions:
Toolchain:       MDK-Lite  Version: 5.14.0.0
Toolchain Path:  D:\keil5\ARM\ARMCC\Bin
C Compiler:      Armcc.exe V5.05 update 1 (build 106)
Assembler:       Armasm.exe V5.05 update 1 (build 106)
Linker/Locator:  ArmLink.exe V5.05 update 1 (build 106)
Library Manager: ArmAr.exe V5.05 update 1 (build 106)
Hex Converter:   FromElf.exe V5.05 update 1 (build 106)
CPU DLL:         
Dialog DLL:      DCM.DLL V1.13.1.0
Target DLL:      UL2CM3.DLL V1.155.0.0
Dialog DLL:      TCM.DLL V1.14.4.0
 
<h2>Project:</h2>
E:\1.咸鱼先生的单片机开发文件\2.ARM工程\F103ZE-DAC\DAC\MDK-ARM\DAC.uvprojx
Project File Date:  06/24/2022

<h2>Output:</h2>
Rebuild target 'DAC'
compiling main.c...
compiling gpio.c...
compiling dac.c...
compiling dma.c...
compiling stm32f1xx_it.c...
compiling stm32f1xx_hal_msp.c...
assembling startup_stm32f103xe.s...
..\startup_stm32f103xe.s(1): error: A1167E: Invalid line start 
..\startup_stm32f103xe.s(2): error: A1137E: Unexpected characters at end of line
..\startup_stm32f103xe.s(3): error: A1159E: Label missing from line start
..\startup_stm32f103xe.s(4): error: A1159E: Label missing from line start
..\startup_stm32f103xe.s(5): error: A1159E: Label missing from line start
..\startup_stm32f103xe.s(6): error: A1159E: Label missing from line start
..\startup_stm32f103xe.s(7): error: A1159E: Label missing from line start
..\startup_stm32f103xe.s(8): error: A1159E: Label missing from line start
..\startup_stm32f103xe.s(9): error: A1159E: Label missing from line start
..\startup_stm32f103xe.s(10): error: A1159E: Label missing from line start
..\startup_stm32f103xe.s(11): error: A1159E: Label missing from line start
..\startup_stm32f103xe.s(12): error: A1159E: Label missing from line start
..\startup_stm32f103xe.s(13): error: A1159E: Label missing from line start
..\startup_stm32f103xe.s(14): error: A1159E: Label missing from line start
..\startup_stm32f103xe.s(15): error: A1159E: Label missing from line start
..\startup_stm32f103xe.s(16): error: A1159E: Label missing from line start
..\startup_stm32f103xe.s(17): error: A1137E: Unexpected characters at end of line
..\startup_stm32f103xe.s(18): error: A1159E: Label missing from line start
..\startup_stm32f103xe.s(19): error: A1159E: Label missing from line start
..\startup_stm32f103xe.s(20): error: A1159E: Label missing from line start
..\startup_stm32f103xe.s(21): error: A1159E: Label missing from line start
..\startup_stm32f103xe.s(22): error: A1159E: Label missing from line start
..\startup_stm32f103xe.s(23): error: A1159E: Label missing from line start
..\startup_stm32f103xe.s(24): error: A1159E: Label missing from line start
..\startup_stm32f103xe.s(25): error: A1159E: Label missing from line start
..\startup_stm32f103xe.s(26): error: A1159E: Label missing from line start
..\startup_stm32f103xe.s(27): error: A1159E: Label missing from line start
..\startup_stm32f103xe.s(28): error: A1137E: Unexpected characters at end of line
..\startup_stm32f103xe.s(29): error: A1137E: Unexpected characters at end of line
..\startup_stm32f103xe.s(31): error: A1137E: Unexpected characters at end of line
..\startup_stm32f103xe.s(32): error: A1137E: Unexpected characters at end of line
..\startup_stm32f103xe.s(33): error: A1137E: Unexpected characters at end of line
..\startup_stm32f103xe.s(34): error: A1137E: Unexpected characters at end of line
..\startup_stm32f103xe.s(36): error: A1163E: Unknown opcode g_pfnVectors , expecting opcode or Macro
..\startup_stm32f103xe.s(37): error: A1163E: Unknown opcode Default_Handler , expecting opcode or Macro
..\startup_stm32f103xe.s(39): error: A1163E: Unknown opcode start , expecting opcode or Macro
..\startup_stm32f103xe.s(40): error: A1163E: Unknown opcode in , expecting opcode or Macro
..\startup_stm32f103xe.s(41): error: A1163E: Unknown opcode _sidata , expecting opcode or Macro
..\startup_stm32f103xe.s(42): error: A1163E: Unknown opcode start , expecting opcode or Macro
..\startup_stm32f103xe.s(43): error: A1163E: Unknown opcode _sdata , expecting opcode or Macro
..\startup_stm32f103xe.s(44): error: A1167E: Invalid line start 
..\startup_stm32f103xe.s(45): error: A1163E: Unknown opcode _edata , expecting opcode or Macro
..\startup_stm32f103xe.s(46): error: A1163E: Unknown opcode start , expecting opcode or Macro
..\startup_stm32f103xe.s(47): error: A1163E: Unknown opcode _sbss , expecting opcode or Macro
..\startup_stm32f103xe.s(48): error: A1167E: Invalid line start 
..\startup_stm32f103xe.s(49): error: A1163E: Unknown opcode _ebss , expecting opcode or Macro
..\startup_stm32f103xe.s(51): error: A1163E: Unknown opcode BootRAM, , expecting opcode or Macro
..\startup_stm32f103xe.s(52): error: A1167E: Invalid line start 
..\startup_stm32f103xe.s(53): error: A1159E: Label missing from line start
..\startup_stm32f103xe.s(54): error: A1159E: Label missing from line start
compiling stm32f1xx_hal_gpio_ex.c...
compiling stm32f1xx_hal_dac.c...
compiling stm32f1xx_hal_dac_ex.c...
compiling stm32f1xx_hal.c...
compiling stm32f1xx_hal_rcc.c...
compiling stm32f1xx_hal_rcc_ex.c...
compiling stm32f1xx_hal_gpio.c...
compiling stm32f1xx_hal_dma.c...
compiling stm32f1xx_hal_cortex.c...
compiling stm32f1xx_hal_pwr.c...
compiling stm32f1xx_hal_flash.c...
compiling stm32f1xx_hal_flash_ex.c...
compiling stm32f1xx_hal_exti.c...
compiling stm32f1xx_hal_tim.c...
compiling stm32f1xx_hal_tim_ex.c...
compiling system_stm32f1xx.c...
"DAC\DAC.axf" - 50 Error(s), 0 Warning(s).

<h2>Software Packages used:</h2>

Package Vendor: ARM
                http://www.keil.com/pack/ARM.CMSIS.5.8.0.pack
                ARM::CMSIS:CORE:5.5.0
                CMSIS (Common Microcontroller Software Interface Standard)
   * Component: CORE Version: 5.5.0

<h2>Collection of Component include folders:</h2>
  E:\1.咸鱼先生的单片机开发文件\2.ARM工程\F103ZE-DAC\DAC\MDK-ARM\RTE
  D:\keil5\ARM\PACK\ARM\CMSIS\5.8.0\CMSIS\Core\Include
  D:\keil5\ARM\PACK\Keil\STM32F1xx_DFP\1.0.5\Device\Include

<h2>Collection of Component Files used:</h2>

   * Component: ARM::CMSIS:CORE:5.5.0
      Source file:   CMSIS\Core\Template\ARMv8-M\tz_context.c
      Include file:  CMSIS\Core\Include\tz_context.h
      Source file:   CMSIS\Core\Template\ARMv8-M\main_s.c
Target not created.
</pre>
</body>
</html>
